<?xml version="1.0" encoding="UTF-8"?>
<testng-results ignored="0" total="1" passed="1" failed="0" skipped="0">
  <reporter-output>
  </reporter-output>
  <suite started-at="2023-08-08T00:38:12 IST" name="Default suite" finished-at="2023-08-08T00:38:20 IST" duration-ms="7988">
    <groups>
    </groups>
    <test started-at="2023-08-08T00:38:12 IST" name="Default test" finished-at="2023-08-08T00:38:20 IST" duration-ms="7988">
      <class name="TestGroup.LoggingTest.YouTubeAdFree">
        <test-method signature="methodMain()[pri:0, instance:TestGroup.LoggingTest.YouTubeAdFree@165b2f7f]" started-at="2023-08-08T00:38:12 IST" name="methodMain" finished-at="2023-08-08T00:38:20 IST" duration-ms="7945" status="PASS">
          <reporter-output>
          </reporter-output>
        </test-method> <!-- methodMain -->
      </class> <!-- TestGroup.LoggingTest.YouTubeAdFree -->
    </test> <!-- Default test -->
  </suite> <!-- Default suite -->
</testng-results>
